<?xml version="1.0" encoding="UTF-8"?>
<testng-results ignored="0" total="1" passed="1" failed="0" skipped="0">
  <reporter-output>
  </reporter-output>
  <suite started-at="2024-10-17T04:26:23 EEST" name="Default suite" finished-at="2024-10-17T04:26:51 EEST" duration-ms="28190">
    <groups>
    </groups>
    <test started-at="2024-10-17T04:26:23 EEST" name="Default test" finished-at="2024-10-17T04:26:51 EEST" duration-ms="28190">
      <class name="tests.TestCase24">
        <test-method is-config="true" signature="startDriver()[pri:0, instance:tests.TestCase24@15de0b3c]" started-at="2024-10-17T04:26:23 EEST" name="startDriver" finished-at="2024-10-17T04:26:29 EEST" duration-ms="5818" status="PASS">
          <reporter-output>
          </reporter-output>
        </test-method> <!-- startDriver -->
        <test-method signature="VerifyAddressDetailsInCheckoutPage()[pri:0, instance:tests.TestCase24@15de0b3c]" started-at="2024-10-17T04:26:29 EEST" name="VerifyAddressDetailsInCheckoutPage" finished-at="2024-10-17T04:26:51 EEST" duration-ms="22231" status="PASS">
          <reporter-output>
          </reporter-output>
        </test-method> <!-- VerifyAddressDetailsInCheckoutPage -->
        <test-method is-config="true" signature="endDriver()[pri:0, instance:tests.TestCase24@15de0b3c]" started-at="2024-10-17T04:26:51 EEST" name="endDriver" finished-at="2024-10-17T04:26:51 EEST" duration-ms="121" status="PASS">
          <reporter-output>
          </reporter-output>
        </test-method> <!-- endDriver -->
      </class> <!-- tests.TestCase24 -->
    </test> <!-- Default test -->
  </suite> <!-- Default suite -->
</testng-results>
